[debug] [2026-02-26T03:56:35.903Z] ----------------------------------------------------------------------
[debug] [2026-02-26T03:56:35.907Z] Command:       C:\Program Files\nodejs\node.exe C:\Users\kalna\AppData\Roaming\npm\node_modules\firebase-tools\lib\bin\firebase.js deploy --only hosting
[debug] [2026-02-26T03:56:35.907Z] CLI Version:   15.5.1
[debug] [2026-02-26T03:56:35.907Z] Platform:      win32
[debug] [2026-02-26T03:56:35.907Z] Node Version:  v24.11.1
[debug] [2026-02-26T03:56:35.907Z] Time:          Thu Feb 26 2026 12:56:35 GMT+0900 (대한민국 표준시)
[debug] [2026-02-26T03:56:35.908Z] ----------------------------------------------------------------------
[debug] 
[debug] [2026-02-26T03:56:37.380Z] > command requires scopes: ["email","openid","https://www.googleapis.com/auth/cloudplatformprojects.readonly","https://www.googleapis.com/auth/firebase","https://www.googleapis.com/auth/cloud-platform"]
[debug] [2026-02-26T03:56:37.380Z] > authorizing via signed-in user (kdevelop1592@gmail.com)
[debug] [2026-02-26T03:56:37.380Z] [iam] checking project tetris-25784 for permissions ["firebase.projects.get","firebasehosting.sites.update"]
[debug] [2026-02-26T03:56:37.381Z] Checked if tokens are valid: true, expires at: 1772079616125
[debug] [2026-02-26T03:56:37.381Z] Checked if tokens are valid: true, expires at: 1772079616125
[debug] [2026-02-26T03:56:37.382Z] >>> [apiv2][query] POST https://cloudresourcemanager.googleapis.com/v1/projects/tetris-25784:testIamPermissions [none]
[debug] [2026-02-26T03:56:37.382Z] >>> [apiv2][(partial)header] POST https://cloudresourcemanager.googleapis.com/v1/projects/tetris-25784:testIamPermissions  x-goog-user-project=tetris-25784
[debug] [2026-02-26T03:56:37.382Z] >>> [apiv2][body] POST https://cloudresourcemanager.googleapis.com/v1/projects/tetris-25784:testIamPermissions {"permissions":["firebase.projects.get","firebasehosting.sites.update"]}
[debug] [2026-02-26T03:56:37.638Z] <<< [apiv2][status] POST https://cloudresourcemanager.googleapis.com/v1/projects/tetris-25784:testIamPermissions 200
[debug] [2026-02-26T03:56:37.638Z] <<< [apiv2][body] POST https://cloudresourcemanager.googleapis.com/v1/projects/tetris-25784:testIamPermissions {"permissions":["firebase.projects.get","firebasehosting.sites.update"]}
[debug] [2026-02-26T03:56:37.639Z] Checked if tokens are valid: true, expires at: 1772079616125
[debug] [2026-02-26T03:56:37.639Z] Checked if tokens are valid: true, expires at: 1772079616125
[debug] [2026-02-26T03:56:37.639Z] >>> [apiv2][query] GET https://firebase.googleapis.com/v1beta1/projects/tetris-25784 [none]
[debug] [2026-02-26T03:56:38.094Z] <<< [apiv2][status] GET https://firebase.googleapis.com/v1beta1/projects/tetris-25784 200
[debug] [2026-02-26T03:56:38.094Z] <<< [apiv2][body] GET https://firebase.googleapis.com/v1beta1/projects/tetris-25784 {"projectId":"tetris-25784","projectNumber":"484880802039","displayName":"tetris","name":"projects/tetris-25784","resources":{"hostingSite":"tetris-25784"},"state":"ACTIVE","etag":"1_72e1831e-33d2-41db-a337-2d52e2d4a96a"}
[info] 
[info] === Deploying to 'tetris-25784'...
[info] 
[info] i  deploying hosting 
[debug] [2026-02-26T03:56:38.099Z] Checked if tokens are valid: true, expires at: 1772079616125
[debug] [2026-02-26T03:56:38.099Z] Checked if tokens are valid: true, expires at: 1772079616125
[debug] [2026-02-26T03:56:38.099Z] >>> [apiv2][query] POST https://firebasehosting.googleapis.com/v1beta1/projects/-/sites/tetris-25784/versions [none]
[debug] [2026-02-26T03:56:38.099Z] >>> [apiv2][body] POST https://firebasehosting.googleapis.com/v1beta1/projects/-/sites/tetris-25784/versions {"status":"CREATED","labels":{"deployment-tool":"cli-firebase"}}
